<?xml version="1.0" encoding="UTF-8"?>
<!-- Generated by org.testng.reporters.JUnitXMLReporter -->
<testsuite ignored="0" hostname="DESKTOP-E9FHF7I" failures="0" tests="6" name="Default test" time="6.688" errors="0" timestamp="2024-01-09T10:00:39 IST">
  <testcase classname="com.qc.test.ResgisterTest" name="doRegister" time="0.518"/>
  <testcase classname="com.qc.test.ResgisterTest" name="doRegister" time="0.598"/>
  <testcase classname="com.qc.test.ResgisterTest" name="doRegister" time="0.609"/>
  <testcase classname="com.qc.test.ResgisterTest" name="doRegister" time="0.492"/>
  <testcase classname="com.qc.test.ResgisterTest" name="doRegister" time="0.517"/>
  <testcase classname="com.qc.test.ResgisterTest" name="doRegister" time="0.596"/>
</testsuite> <!-- Default test -->
