<?xml version="1.0" encoding="UTF-8"?>
<!-- Generated by org.testng.reporters.JUnitXMLReporter -->
<testsuite ignored="1" hostname="DESKTOP-E9FHF7I" failures="0" tests="13" name="Test" time="24.66" errors="0" timestamp="2024-01-09T10:22:03 IST">
  <testcase classname="com.qc.test.LoginTest" name="doLogin" time="0.259"/>
  <testcase classname="com.qc.test.LoginTest" name="doLogin" time="0.234"/>
  <testcase classname="com.qc.test.LoginTest" name="doLogin" time="0.344"/>
  <testcase classname="com.qc.test.LoginTest" name="doLogin" time="0.292"/>
  <testcase classname="com.qc.test.LoginTest" name="doLogin" time="0.422"/>
  <testcase classname="com.qc.test.LoginTest" name="doLogin" time="0.341"/>
  <testcase classname="com.qc.test.LoginTest" name="doLogin" time="0.54"/>
  <testcase classname="com.qc.test.ResgisterTest" name="doRegister" time="0.408"/>
  <testcase classname="com.qc.test.ResgisterTest" name="doRegister" time="0.454"/>
  <testcase classname="com.qc.test.ResgisterTest" name="doRegister" time="0.548"/>
  <testcase classname="com.qc.test.ResgisterTest" name="doRegister" time="0.635"/>
  <testcase classname="com.qc.test.ResgisterTest" name="doRegister" time="0.506"/>
  <testcase classname="com.qc.test.ResgisterTest" name="doRegister" time="0.57"/>
  <testcase classname="com.qc.test.BaseIntegration" name="@BeforeSuite doSetup" time="0.0">
    <ignored/>
  </testcase> <!-- @BeforeSuite doSetup -->
</testsuite> <!-- Test -->
