<?xml version="1.0" encoding="UTF-8"?>
<testng-results ignored="0" total="13" passed="13" failed="0" skipped="0">
  <reporter-output>
  </reporter-output>
  <suite started-at="2024-01-09T10:21:37 IST" name="Suite" finished-at="2024-01-09T10:22:02 IST" duration-ms="24660">
    <groups>
    </groups>
    <test started-at="2024-01-09T10:21:37 IST" name="Test" finished-at="2024-01-09T10:22:02 IST" duration-ms="24660">
      <class name="com.qc.test.LoginTest">
        <test-method is-config="true" signature="doSetup()[pri:0, instance:com.qc.test.LoginTest@1787bc24]" started-at="2024-01-09T10:21:20 IST" name="doSetup" finished-at="2024-01-09T10:21:26 IST" duration-ms="6032" status="PASS">
          <reporter-output>
          </reporter-output>
        </test-method> <!-- doSetup -->
        <test-method is-config="true" signature="setup()[pri:0, instance:com.qc.test.LoginTest@1787bc24]" started-at="2024-01-09T10:21:26 IST" name="setup" finished-at="2024-01-09T10:21:31 IST" depends-on-methods="com.qc.test.BaseIntegration.doSetup" duration-ms="5541" status="PASS">
          <reporter-output>
          </reporter-output>
        </test-method> <!-- setup -->
        <test-method is-config="true" signature="locateElement()[pri:0, instance:com.qc.test.LoginTest@1787bc24]" started-at="2024-01-09T10:21:38 IST" name="locateElement" finished-at="2024-01-09T10:21:38 IST" duration-ms="256" status="PASS">
          <reporter-output>
          </reporter-output>
        </test-method> <!-- locateElement -->
        <test-method signature="doLogin(java.lang.String,java.lang.String,java.lang.String)[pri:0, instance:com.qc.test.LoginTest@1787bc24]" started-at="2024-01-09T10:21:38 IST" name="doLogin" data-provider="loginData" finished-at="2024-01-09T10:21:38 IST" duration-ms="259" status="PASS">
          <params>
            <param index="0">
              <value>
                <![CDATA[Both are empty]]>
              </value>
            </param>
            <param index="1">
              <value>
                <![CDATA[]]>
              </value>
            </param>
            <param index="2">
              <value>
                <![CDATA[]]>
              </value>
            </param>
          </params>
          <reporter-output>
          </reporter-output>
        </test-method> <!-- doLogin -->
        <test-method is-config="true" signature="doAssert()[pri:0, instance:com.qc.test.LoginTest@1787bc24]" started-at="2024-01-09T10:21:38 IST" name="doAssert" finished-at="2024-01-09T10:21:40 IST" duration-ms="2026" status="PASS">
          <reporter-output>
          </reporter-output>
        </test-method> <!-- doAssert -->
        <test-method is-config="true" signature="locateElement()[pri:0, instance:com.qc.test.LoginTest@1787bc24]" started-at="2024-01-09T10:21:40 IST" name="locateElement" finished-at="2024-01-09T10:21:41 IST" duration-ms="172" status="PASS">
          <reporter-output>
          </reporter-output>
        </test-method> <!-- locateElement -->
        <test-method signature="doLogin(java.lang.String,java.lang.String,java.lang.String)[pri:0, instance:com.qc.test.LoginTest@1787bc24]" started-at="2024-01-09T10:21:41 IST" name="doLogin" data-provider="loginData" finished-at="2024-01-09T10:21:41 IST" duration-ms="234" status="PASS">
          <params>
            <param index="0">
              <value>
                <![CDATA[Email is empty]]>
              </value>
            </param>
            <param index="1">
              <value>
                <![CDATA[]]>
              </value>
            </param>
            <param index="2">
              <value>
                <![CDATA[123456]]>
              </value>
            </param>
          </params>
          <reporter-output>
          </reporter-output>
        </test-method> <!-- doLogin -->
        <test-method is-config="true" signature="doAssert()[pri:0, instance:com.qc.test.LoginTest@1787bc24]" started-at="2024-01-09T10:21:41 IST" name="doAssert" finished-at="2024-01-09T10:21:43 IST" duration-ms="2017" status="PASS">
          <reporter-output>
          </reporter-output>
        </test-method> <!-- doAssert -->
        <test-method is-config="true" signature="locateElement()[pri:0, instance:com.qc.test.LoginTest@1787bc24]" started-at="2024-01-09T10:21:43 IST" name="locateElement" finished-at="2024-01-09T10:21:43 IST" duration-ms="170" status="PASS">
          <reporter-output>
          </reporter-output>
        </test-method> <!-- locateElement -->
        <test-method signature="doLogin(java.lang.String,java.lang.String,java.lang.String)[pri:0, instance:com.qc.test.LoginTest@1787bc24]" started-at="2024-01-09T10:21:43 IST" name="doLogin" data-provider="loginData" finished-at="2024-01-09T10:21:43 IST" duration-ms="344" status="PASS">
          <params>
            <param index="0">
              <value>
                <![CDATA[Pass is empty]]>
              </value>
            </param>
            <param index="1">
              <value>
                <![CDATA[queuecodes@gmail.com]]>
              </value>
            </param>
            <param index="2">
              <value>
                <![CDATA[]]>
              </value>
            </param>
          </params>
          <reporter-output>
          </reporter-output>
        </test-method> <!-- doLogin -->
        <test-method is-config="true" signature="doAssert()[pri:0, instance:com.qc.test.LoginTest@1787bc24]" started-at="2024-01-09T10:21:43 IST" name="doAssert" finished-at="2024-01-09T10:21:45 IST" duration-ms="2052" status="PASS">
          <reporter-output>
          </reporter-output>
        </test-method> <!-- doAssert -->
        <test-method is-config="true" signature="locateElement()[pri:0, instance:com.qc.test.LoginTest@1787bc24]" started-at="2024-01-09T10:21:45 IST" name="locateElement" finished-at="2024-01-09T10:21:46 IST" duration-ms="161" status="PASS">
          <reporter-output>
          </reporter-output>
        </test-method> <!-- locateElement -->
        <test-method signature="doLogin(java.lang.String,java.lang.String,java.lang.String)[pri:0, instance:com.qc.test.LoginTest@1787bc24]" started-at="2024-01-09T10:21:46 IST" name="doLogin" data-provider="loginData" finished-at="2024-01-09T10:21:46 IST" duration-ms="292" status="PASS">
          <params>
            <param index="0">
              <value>
                <![CDATA[pass is correct]]>
              </value>
            </param>
            <param index="1">
              <value>
                <![CDATA[queuecodes2@gmail.com]]>
              </value>
            </param>
            <param index="2">
              <value>
                <![CDATA[123456]]>
              </value>
            </param>
          </params>
          <reporter-output>
          </reporter-output>
        </test-method> <!-- doLogin -->
        <test-method is-config="true" signature="doAssert()[pri:0, instance:com.qc.test.LoginTest@1787bc24]" started-at="2024-01-09T10:21:46 IST" name="doAssert" finished-at="2024-01-09T10:21:48 IST" duration-ms="2022" status="PASS">
          <reporter-output>
          </reporter-output>
        </test-method> <!-- doAssert -->
        <test-method is-config="true" signature="locateElement()[pri:0, instance:com.qc.test.LoginTest@1787bc24]" started-at="2024-01-09T10:21:48 IST" name="locateElement" finished-at="2024-01-09T10:21:48 IST" duration-ms="236" status="PASS">
          <reporter-output>
          </reporter-output>
        </test-method> <!-- locateElement -->
        <test-method signature="doLogin(java.lang.String,java.lang.String,java.lang.String)[pri:0, instance:com.qc.test.LoginTest@1787bc24]" started-at="2024-01-09T10:21:48 IST" name="doLogin" data-provider="loginData" finished-at="2024-01-09T10:21:49 IST" duration-ms="422" status="PASS">
          <params>
            <param index="0">
              <value>
                <![CDATA[Email is correct]]>
              </value>
            </param>
            <param index="1">
              <value>
                <![CDATA[queuecodes@gmail.com]]>
              </value>
            </param>
            <param index="2">
              <value>
                <![CDATA[12345]]>
              </value>
            </param>
          </params>
          <reporter-output>
          </reporter-output>
        </test-method> <!-- doLogin -->
        <test-method is-config="true" signature="doAssert()[pri:0, instance:com.qc.test.LoginTest@1787bc24]" started-at="2024-01-09T10:21:49 IST" name="doAssert" finished-at="2024-01-09T10:21:51 IST" duration-ms="2119" status="PASS">
          <reporter-output>
          </reporter-output>
        </test-method> <!-- doAssert -->
        <test-method is-config="true" signature="locateElement()[pri:0, instance:com.qc.test.LoginTest@1787bc24]" started-at="2024-01-09T10:21:51 IST" name="locateElement" finished-at="2024-01-09T10:21:51 IST" duration-ms="195" status="PASS">
          <reporter-output>
          </reporter-output>
        </test-method> <!-- locateElement -->
        <test-method signature="doLogin(java.lang.String,java.lang.String,java.lang.String)[pri:0, instance:com.qc.test.LoginTest@1787bc24]" started-at="2024-01-09T10:21:51 IST" name="doLogin" data-provider="loginData" finished-at="2024-01-09T10:21:51 IST" duration-ms="341" status="PASS">
          <params>
            <param index="0">
              <value>
                <![CDATA[Both are incorrect]]>
              </value>
            </param>
            <param index="1">
              <value>
                <![CDATA[queuecodes1@gmail]]>
              </value>
            </param>
            <param index="2">
              <value>
                <![CDATA[12345]]>
              </value>
            </param>
          </params>
          <reporter-output>
          </reporter-output>
        </test-method> <!-- doLogin -->
        <test-method is-config="true" signature="doAssert()[pri:0, instance:com.qc.test.LoginTest@1787bc24]" started-at="2024-01-09T10:21:51 IST" name="doAssert" finished-at="2024-01-09T10:21:53 IST" duration-ms="2018" status="PASS">
          <reporter-output>
          </reporter-output>
        </test-method> <!-- doAssert -->
        <test-method is-config="true" signature="locateElement()[pri:0, instance:com.qc.test.LoginTest@1787bc24]" started-at="2024-01-09T10:21:53 IST" name="locateElement" finished-at="2024-01-09T10:21:53 IST" duration-ms="174" status="PASS">
          <reporter-output>
          </reporter-output>
        </test-method> <!-- locateElement -->
        <test-method signature="doLogin(java.lang.String,java.lang.String,java.lang.String)[pri:0, instance:com.qc.test.LoginTest@1787bc24]" started-at="2024-01-09T10:21:53 IST" name="doLogin" data-provider="loginData" finished-at="2024-01-09T10:21:54 IST" duration-ms="540" status="PASS">
          <params>
            <param index="0">
              <value>
                <![CDATA[Both are valid]]>
              </value>
            </param>
            <param index="1">
              <value>
                <![CDATA[queuecodes@gmail.com]]>
              </value>
            </param>
            <param index="2">
              <value>
                <![CDATA[123456]]>
              </value>
            </param>
          </params>
          <reporter-output>
          </reporter-output>
        </test-method> <!-- doLogin -->
        <test-method is-config="true" signature="doAssert()[pri:0, instance:com.qc.test.LoginTest@1787bc24]" started-at="2024-01-09T10:21:54 IST" name="doAssert" finished-at="2024-01-09T10:21:56 IST" duration-ms="2233" status="PASS">
          <reporter-output>
          </reporter-output>
        </test-method> <!-- doAssert -->
        <test-method is-config="true" signature="tearDown()[pri:0, instance:com.qc.test.LoginTest@1787bc24]" started-at="2024-01-09T10:22:03 IST" name="tearDown" finished-at="2024-01-09T10:22:03 IST" duration-ms="279" status="PASS">
          <reporter-output>
          </reporter-output>
        </test-method> <!-- tearDown -->
      </class> <!-- com.qc.test.LoginTest -->
      <class name="com.qc.test.ResgisterTest">
        <test-method is-config="true" signature="setup()[pri:0, instance:com.qc.test.ResgisterTest@f14a7d4]" started-at="2024-01-09T10:21:31 IST" name="setup" finished-at="2024-01-09T10:21:37 IST" depends-on-methods="com.qc.test.BaseIntegration.doSetup" duration-ms="5940" status="PASS">
          <reporter-output>
          </reporter-output>
        </test-method> <!-- setup -->
        <test-method is-config="true" signature="locateElement()[pri:0, instance:com.qc.test.ResgisterTest@f14a7d4]" started-at="2024-01-09T10:21:56 IST" name="locateElement" finished-at="2024-01-09T10:21:57 IST" duration-ms="613" status="PASS">
          <reporter-output>
          </reporter-output>
        </test-method> <!-- locateElement -->
        <test-method signature="doRegister(java.lang.String,java.lang.String,java.lang.String,java.lang.String,java.lang.String)[pri:0, instance:com.qc.test.ResgisterTest@f14a7d4]" started-at="2024-01-09T10:21:57 IST" name="doRegister" data-provider="registerData" finished-at="2024-01-09T10:21:57 IST" duration-ms="408" status="PASS">
          <params>
            <param index="0">
              <value>
                <![CDATA[all empty]]>
              </value>
            </param>
            <param index="1">
              <value>
                <![CDATA[]]>
              </value>
            </param>
            <param index="2">
              <value>
                <![CDATA[]]>
              </value>
            </param>
            <param index="3">
              <value>
                <![CDATA[]]>
              </value>
            </param>
            <param index="4">
              <value>
                <![CDATA[]]>
              </value>
            </param>
          </params>
          <reporter-output>
          </reporter-output>
        </test-method> <!-- doRegister -->
        <test-method is-config="true" signature="doAssert()[pri:0, instance:com.qc.test.ResgisterTest@f14a7d4]" started-at="2024-01-09T10:21:57 IST" name="doAssert" finished-at="2024-01-09T10:21:57 IST" duration-ms="17" status="PASS">
          <reporter-output>
          </reporter-output>
        </test-method> <!-- doAssert -->
        <test-method is-config="true" signature="locateElement()[pri:0, instance:com.qc.test.ResgisterTest@f14a7d4]" started-at="2024-01-09T10:21:57 IST" name="locateElement" finished-at="2024-01-09T10:21:58 IST" duration-ms="299" status="PASS">
          <reporter-output>
          </reporter-output>
        </test-method> <!-- locateElement -->
        <test-method signature="doRegister(java.lang.String,java.lang.String,java.lang.String,java.lang.String,java.lang.String)[pri:0, instance:com.qc.test.ResgisterTest@f14a7d4]" started-at="2024-01-09T10:21:58 IST" name="doRegister" data-provider="registerData" finished-at="2024-01-09T10:21:58 IST" duration-ms="454" status="PASS">
          <params>
            <param index="0">
              <value>
                <![CDATA[name empty]]>
              </value>
            </param>
            <param index="1">
              <value>
                <![CDATA[]]>
              </value>
            </param>
            <param index="2">
              <value>
                <![CDATA[91454254]]>
              </value>
            </param>
            <param index="3">
              <value>
                <![CDATA[queue@gmail.com]]>
              </value>
            </param>
            <param index="4">
              <value>
                <![CDATA[123456]]>
              </value>
            </param>
          </params>
          <reporter-output>
          </reporter-output>
        </test-method> <!-- doRegister -->
        <test-method is-config="true" signature="doAssert()[pri:0, instance:com.qc.test.ResgisterTest@f14a7d4]" started-at="2024-01-09T10:21:58 IST" name="doAssert" finished-at="2024-01-09T10:21:58 IST" duration-ms="19" status="PASS">
          <reporter-output>
          </reporter-output>
        </test-method> <!-- doAssert -->
        <test-method is-config="true" signature="locateElement()[pri:0, instance:com.qc.test.ResgisterTest@f14a7d4]" started-at="2024-01-09T10:21:58 IST" name="locateElement" finished-at="2024-01-09T10:21:58 IST" duration-ms="354" status="PASS">
          <reporter-output>
          </reporter-output>
        </test-method> <!-- locateElement -->
        <test-method signature="doRegister(java.lang.String,java.lang.String,java.lang.String,java.lang.String,java.lang.String)[pri:0, instance:com.qc.test.ResgisterTest@f14a7d4]" started-at="2024-01-09T10:21:58 IST" name="doRegister" data-provider="registerData" finished-at="2024-01-09T10:21:59 IST" duration-ms="548" status="PASS">
          <params>
            <param index="0">
              <value>
                <![CDATA[mobile empty]]>
              </value>
            </param>
            <param index="1">
              <value>
                <![CDATA[queueu]]>
              </value>
            </param>
            <param index="2">
              <value>
                <![CDATA[]]>
              </value>
            </param>
            <param index="3">
              <value>
                <![CDATA[queue@gmail.com]]>
              </value>
            </param>
            <param index="4">
              <value>
                <![CDATA[123456]]>
              </value>
            </param>
          </params>
          <reporter-output>
          </reporter-output>
        </test-method> <!-- doRegister -->
        <test-method is-config="true" signature="doAssert()[pri:0, instance:com.qc.test.ResgisterTest@f14a7d4]" started-at="2024-01-09T10:21:59 IST" name="doAssert" finished-at="2024-01-09T10:21:59 IST" duration-ms="26" status="PASS">
          <reporter-output>
          </reporter-output>
        </test-method> <!-- doAssert -->
        <test-method is-config="true" signature="locateElement()[pri:0, instance:com.qc.test.ResgisterTest@f14a7d4]" started-at="2024-01-09T10:21:59 IST" name="locateElement" finished-at="2024-01-09T10:21:59 IST" duration-ms="438" status="PASS">
          <reporter-output>
          </reporter-output>
        </test-method> <!-- locateElement -->
        <test-method signature="doRegister(java.lang.String,java.lang.String,java.lang.String,java.lang.String,java.lang.String)[pri:0, instance:com.qc.test.ResgisterTest@f14a7d4]" started-at="2024-01-09T10:21:59 IST" name="doRegister" data-provider="registerData" finished-at="2024-01-09T10:22:00 IST" duration-ms="635" status="PASS">
          <params>
            <param index="0">
              <value>
                <![CDATA[email empty]]>
              </value>
            </param>
            <param index="1">
              <value>
                <![CDATA[queueu]]>
              </value>
            </param>
            <param index="2">
              <value>
                <![CDATA[91454254]]>
              </value>
            </param>
            <param index="3">
              <value>
                <![CDATA[]]>
              </value>
            </param>
            <param index="4">
              <value>
                <![CDATA[123456]]>
              </value>
            </param>
          </params>
          <reporter-output>
          </reporter-output>
        </test-method> <!-- doRegister -->
        <test-method is-config="true" signature="doAssert()[pri:0, instance:com.qc.test.ResgisterTest@f14a7d4]" started-at="2024-01-09T10:22:00 IST" name="doAssert" finished-at="2024-01-09T10:22:00 IST" duration-ms="16" status="PASS">
          <reporter-output>
          </reporter-output>
        </test-method> <!-- doAssert -->
        <test-method is-config="true" signature="locateElement()[pri:0, instance:com.qc.test.ResgisterTest@f14a7d4]" started-at="2024-01-09T10:22:00 IST" name="locateElement" finished-at="2024-01-09T10:22:00 IST" duration-ms="394" status="PASS">
          <reporter-output>
          </reporter-output>
        </test-method> <!-- locateElement -->
        <test-method signature="doRegister(java.lang.String,java.lang.String,java.lang.String,java.lang.String,java.lang.String)[pri:0, instance:com.qc.test.ResgisterTest@f14a7d4]" started-at="2024-01-09T10:22:00 IST" name="doRegister" data-provider="registerData" finished-at="2024-01-09T10:22:01 IST" duration-ms="506" status="PASS">
          <params>
            <param index="0">
              <value>
                <![CDATA[pass empty]]>
              </value>
            </param>
            <param index="1">
              <value>
                <![CDATA[queueu]]>
              </value>
            </param>
            <param index="2">
              <value>
                <![CDATA[91454254]]>
              </value>
            </param>
            <param index="3">
              <value>
                <![CDATA[queeu@gmail.com]]>
              </value>
            </param>
            <param index="4">
              <value>
                <![CDATA[]]>
              </value>
            </param>
          </params>
          <reporter-output>
          </reporter-output>
        </test-method> <!-- doRegister -->
        <test-method is-config="true" signature="doAssert()[pri:0, instance:com.qc.test.ResgisterTest@f14a7d4]" started-at="2024-01-09T10:22:01 IST" name="doAssert" finished-at="2024-01-09T10:22:01 IST" duration-ms="14" status="PASS">
          <reporter-output>
          </reporter-output>
        </test-method> <!-- doAssert -->
        <test-method is-config="true" signature="locateElement()[pri:0, instance:com.qc.test.ResgisterTest@f14a7d4]" started-at="2024-01-09T10:22:01 IST" name="locateElement" finished-at="2024-01-09T10:22:01 IST" duration-ms="327" status="PASS">
          <reporter-output>
          </reporter-output>
        </test-method> <!-- locateElement -->
        <test-method signature="doRegister(java.lang.String,java.lang.String,java.lang.String,java.lang.String,java.lang.String)[pri:0, instance:com.qc.test.ResgisterTest@f14a7d4]" started-at="2024-01-09T10:22:01 IST" name="doRegister" data-provider="registerData" finished-at="2024-01-09T10:22:02 IST" duration-ms="570" status="PASS">
          <params>
            <param index="0">
              <value>
                <![CDATA[all are valid]]>
              </value>
            </param>
            <param index="1">
              <value>
                <![CDATA[slkkchdck]]>
              </value>
            </param>
            <param index="2">
              <value>
                <![CDATA[9112344649]]>
              </value>
            </param>
            <param index="3">
              <value>
                <![CDATA[binaryrushi@gmail.com]]>
              </value>
            </param>
            <param index="4">
              <value>
                <![CDATA[123456]]>
              </value>
            </param>
          </params>
          <reporter-output>
          </reporter-output>
        </test-method> <!-- doRegister -->
        <test-method is-config="true" signature="doAssert()[pri:0, instance:com.qc.test.ResgisterTest@f14a7d4]" started-at="2024-01-09T10:22:02 IST" name="doAssert" finished-at="2024-01-09T10:22:02 IST" duration-ms="84" status="PASS">
          <reporter-output>
          </reporter-output>
        </test-method> <!-- doAssert -->
        <test-method is-config="true" signature="tearDown()[pri:0, instance:com.qc.test.ResgisterTest@f14a7d4]" started-at="2024-01-09T10:22:03 IST" name="tearDown" finished-at="2024-01-09T10:22:03 IST" duration-ms="363" status="PASS">
          <reporter-output>
          </reporter-output>
        </test-method> <!-- tearDown -->
      </class> <!-- com.qc.test.ResgisterTest -->
    </test> <!-- Test -->
  </suite> <!-- Suite -->
</testng-results>
